<?xml version="1.0" encoding="UTF-8"?>
<!-- Generated by org.testng.reporters.JUnitReportReporter -->
<testsuite skipped="0" hostname="ITS-RVERMA-9" name="TestNG.ParameterDataSource" tests="5" failures="0" timestamp="05 Apr 2017 17:43:40 GMT" time="0.023" errors="0">
  <testcase name="validatePrimeNumber" time="0.002" classname="TestNG.ParameterDataSource"/>
  <testcase name="validatePrimeNumber" time="0.005" classname="TestNG.ParameterDataSource"/>
  <testcase name="validatePrimeNumber" time="0.000" classname="TestNG.ParameterDataSource"/>
  <testcase name="validatePrimeNumber" time="0.000" classname="TestNG.ParameterDataSource"/>
  <testcase name="validatePrimeNumber" time="0.016" classname="TestNG.ParameterDataSource"/>
</testsuite> <!-- TestNG.ParameterDataSource -->
