<?xml version="1.0" encoding="UTF-8"?>
<!-- Generated by org.testng.reporters.JUnitReportReporter -->
<testsuite skipped="0" hostname="ITS-RVERMA-9" name="testNG.SampleTestNG" tests="1" failures="0" timestamp="26 Jul 2017 19:56:30 GMT" time="0.013" errors="0">
  <testcase name="SampleMethod" time="0.013" classname="testNG.SampleTestNG"/>
</testsuite> <!-- testNG.SampleTestNG -->
