<?xml version="1.0" encoding="UTF-8"?>
<!-- Generated by org.testng.reporters.JUnitReportReporter -->
<testsuite skipped="0" hostname="ITS-RVERMA-9" name="testNG.ExecutionFlowTestNG" tests="3" failures="0" timestamp="05 Sep 2017 16:35:56 GMT" time="0.015" errors="0">
  <testcase name="testcase2" time="0.002" classname="testNG.ExecutionFlowTestNG"/>
  <testcase name="testcase1" time="0.012" classname="testNG.ExecutionFlowTestNG"/>
  <testcase name="testcase3" time="0.001" classname="testNG.ExecutionFlowTestNG"/>
</testsuite> <!-- testNG.ExecutionFlowTestNG -->
