<?xml version="1.0" encoding="UTF-8"?>
<!-- Generated by org.testng.reporters.JUnitReportReporter -->
<testsuite skipped="0" hostname="ITS-RVERMA-9" name="TestNG.EmpDetailsTestNG" tests="2" failures="0" timestamp="03 Apr 2017 23:08:28 GMT" time="0.014" errors="0">
  <testcase name="testCalculateAppraisal" time="0.012" classname="TestNG.EmpDetailsTestNG"/>
  <testcase name="testCalculateYearlySalary" time="0.002" classname="TestNG.EmpDetailsTestNG"/>
</testsuite> <!-- TestNG.EmpDetailsTestNG -->
