<?xml version="1.0" encoding="UTF-8"?>
<!-- Generated by org.testng.reporters.JUnitReportReporter -->
<testsuite skipped="0" hostname="ITS-RVERMA-9" name="seleniumWebDriver.NewTest" tests="2" failures="0" timestamp="12 Apr 2017 22:33:23 GMT" time="11.918" errors="0">
  <testcase name="testBrowser" time="6.038" classname="seleniumWebDriver.NewTest"/>
  <testcase name="testBrowser" time="5.880" classname="seleniumWebDriver.NewTest"/>
</testsuite> <!-- seleniumWebDriver.NewTest -->
