<?xml version="1.0" encoding="UTF-8"?>
<!-- Generated by org.testng.reporters.JUnitReportReporter -->
<testsuite skipped="0" hostname="ITS-RVERMA-9" name="TestNG.SampleTest" tests="1" failures="0" timestamp="03 Apr 2017 18:53:16 GMT" time="0.012" errors="0">
  <testcase name="SampleMethod" time="0.012" classname="TestNG.SampleTest"/>
</testsuite> <!-- TestNG.SampleTest -->
