<?xml version="1.0" encoding="UTF-8"?>
<!-- Generated by org.testng.reporters.JUnitReportReporter -->
<testsuite skipped="0" hostname="ITS-RVERMA-9" name="testNG.TestMsg" tests="1" failures="0" timestamp="20 Apr 2017 20:16:21 GMT" time="0.017" errors="0">
  <testcase name="testPrintMessage" time="0.017" classname="testNG.TestMsg"/>
</testsuite> <!-- testNG.TestMsg -->
