<?xml version="1.0" encoding="UTF-8"?>
<!-- Generated by org.testng.reporters.JUnitReportReporter -->
<testsuite skipped="0" hostname="ITS-RVERMA-9" name="testNG.EmpBusLogicTestNG" tests="2" failures="0" timestamp="20 Apr 2017 20:15:42 GMT" time="0.017" errors="0">
  <testcase name="testCalculateYearlySalary" time="0.002" classname="testNG.EmpBusLogicTestNG"/>
  <testcase name="testCalculateAppraisal" time="0.015" classname="testNG.EmpBusLogicTestNG"/>
</testsuite> <!-- testNG.EmpBusLogicTestNG -->
